[10-Apr-2020 10:55:03 UTC] Well and good.
[10-Apr-2020 10:55:24 UTC] Well and good.
[10-Apr-2020 10:56:08 UTC] Well and good.
[10-Apr-2020 10:56:08 UTC] PHP Warning:  Cannot modify header information - headers already sent by (output started at C:\xampp\htdocs\wordpress.2020.project\wp-content\plugins\cron-example-one\cron-example-one.php:12) in C:\xampp\htdocs\wordpress.2020.project\wp-includes\http.php on line 494
[10-Apr-2020 10:56:08 UTC] PHP Warning:  Cannot modify header information - headers already sent by (output started at C:\xampp\htdocs\wordpress.2020.project\wp-content\plugins\cron-example-one\cron-example-one.php:12) in C:\xampp\htdocs\wordpress.2020.project\wp-includes\http.php on line 495
[10-Apr-2020 10:56:08 UTC] PHP Warning:  Cannot modify header information - headers already sent by (output started at C:\xampp\htdocs\wordpress.2020.project\wp-content\plugins\cron-example-one\cron-example-one.php:12) in C:\xampp\htdocs\wordpress.2020.project\wp-admin\admin-ajax.php on line 27
[10-Apr-2020 10:56:08 UTC] PHP Warning:  Cannot modify header information - headers already sent by (output started at C:\xampp\htdocs\wordpress.2020.project\wp-content\plugins\cron-example-one\cron-example-one.php:12) in C:\xampp\htdocs\wordpress.2020.project\wp-admin\admin-ajax.php on line 28
[10-Apr-2020 10:56:09 UTC] PHP Warning:  Cannot modify header information - headers already sent by (output started at C:\xampp\htdocs\wordpress.2020.project\wp-content\plugins\cron-example-one\cron-example-one.php:12) in C:\xampp\htdocs\wordpress.2020.project\wp-includes\functions.php on line 6107
[10-Apr-2020 10:56:09 UTC] PHP Warning:  Cannot modify header information - headers already sent by (output started at C:\xampp\htdocs\wordpress.2020.project\wp-content\plugins\cron-example-one\cron-example-one.php:12) in C:\xampp\htdocs\wordpress.2020.project\wp-includes\functions.php on line 6221
[10-Apr-2020 10:56:09 UTC] PHP Warning:  Cannot modify header information - headers already sent by (output started at C:\xampp\htdocs\wordpress.2020.project\wp-content\plugins\cron-example-one\cron-example-one.php:12) in C:\xampp\htdocs\wordpress.2020.project\wp-admin\includes\misc.php on line 1259
[10-Apr-2020 10:57:16 UTC] Well and good.
[10-Apr-2020 10:58:10 UTC] PHP Warning:  Cannot modify header information - headers already sent by (output started at C:\xampp\htdocs\wordpress.2020.project\wp-content\plugins\cron-example-one\cron-example-one.php:12) in C:\xampp\htdocs\wordpress.2020.project\wp-includes\http.php on line 494
[10-Apr-2020 10:58:10 UTC] PHP Warning:  Cannot modify header information - headers already sent by (output started at C:\xampp\htdocs\wordpress.2020.project\wp-content\plugins\cron-example-one\cron-example-one.php:12) in C:\xampp\htdocs\wordpress.2020.project\wp-includes\http.php on line 495
[10-Apr-2020 10:58:10 UTC] PHP Warning:  Cannot modify header information - headers already sent by (output started at C:\xampp\htdocs\wordpress.2020.project\wp-content\plugins\cron-example-one\cron-example-one.php:12) in C:\xampp\htdocs\wordpress.2020.project\wp-admin\admin-ajax.php on line 27
[10-Apr-2020 10:58:10 UTC] PHP Warning:  Cannot modify header information - headers already sent by (output started at C:\xampp\htdocs\wordpress.2020.project\wp-content\plugins\cron-example-one\cron-example-one.php:12) in C:\xampp\htdocs\wordpress.2020.project\wp-admin\admin-ajax.php on line 28
[10-Apr-2020 10:58:10 UTC] PHP Warning:  Cannot modify header information - headers already sent by (output started at C:\xampp\htdocs\wordpress.2020.project\wp-content\plugins\cron-example-one\cron-example-one.php:12) in C:\xampp\htdocs\wordpress.2020.project\wp-includes\functions.php on line 6107
[10-Apr-2020 10:58:10 UTC] PHP Warning:  Cannot modify header information - headers already sent by (output started at C:\xampp\htdocs\wordpress.2020.project\wp-content\plugins\cron-example-one\cron-example-one.php:12) in C:\xampp\htdocs\wordpress.2020.project\wp-includes\functions.php on line 6221
[10-Apr-2020 10:58:10 UTC] PHP Warning:  Cannot modify header information - headers already sent by (output started at C:\xampp\htdocs\wordpress.2020.project\wp-content\plugins\cron-example-one\cron-example-one.php:12) in C:\xampp\htdocs\wordpress.2020.project\wp-admin\includes\misc.php on line 1259
[11-Apr-2020 10:17:18 UTC] PHP Warning:  An unexpected error occurred. Something may be wrong with WordPress.org or this server&#8217;s configuration. If you continue to have problems, please try the <a href="https://wordpress.org/support/forums/">support forums</a>. (WordPress could not establish a secure connection to WordPress.org. Please contact your server administrator.) in C:\xampp\htdocs\wordpress.2020.project\wp-includes\update.php on line 578
[12-Apr-2020 12:19:31 UTC] PHP Warning:  in_array() expects parameter 2 to be array, string given in C:\xampp\htdocs\wordpress.2020.project\wp-content\plugins\event\include\EventCheckboxMetaBox.php on line 31
[12-Apr-2020 12:19:31 UTC] PHP Warning:  in_array() expects parameter 2 to be array, string given in C:\xampp\htdocs\wordpress.2020.project\wp-content\plugins\event\include\EventCheckboxMetaBox.php on line 34
[12-Apr-2020 12:19:31 UTC] PHP Warning:  in_array() expects parameter 2 to be array, string given in C:\xampp\htdocs\wordpress.2020.project\wp-content\plugins\event\include\EventCheckboxMetaBox.php on line 37
[12-Apr-2020 12:19:31 UTC] PHP Warning:  in_array() expects parameter 2 to be array, string given in C:\xampp\htdocs\wordpress.2020.project\wp-content\plugins\event\include\EventCheckboxMetaBox.php on line 40
[12-Apr-2020 12:19:31 UTC] PHP Warning:  in_array() expects parameter 2 to be array, string given in C:\xampp\htdocs\wordpress.2020.project\wp-content\plugins\event\include\EventCheckboxMetaBox.php on line 43
[12-Apr-2020 15:00:36 UTC] PHP Warning:  in_array() expects parameter 2 to be array, string given in C:\xampp\htdocs\wordpress.2020.project\wp-content\plugins\event\include\EventCheckboxMetaBox.php on line 31
[12-Apr-2020 15:00:36 UTC] PHP Warning:  in_array() expects parameter 2 to be array, string given in C:\xampp\htdocs\wordpress.2020.project\wp-content\plugins\event\include\EventCheckboxMetaBox.php on line 34
[12-Apr-2020 15:00:36 UTC] PHP Warning:  in_array() expects parameter 2 to be array, string given in C:\xampp\htdocs\wordpress.2020.project\wp-content\plugins\event\include\EventCheckboxMetaBox.php on line 37
[12-Apr-2020 15:00:36 UTC] PHP Warning:  in_array() expects parameter 2 to be array, string given in C:\xampp\htdocs\wordpress.2020.project\wp-content\plugins\event\include\EventCheckboxMetaBox.php on line 40
[12-Apr-2020 15:00:36 UTC] PHP Warning:  in_array() expects parameter 2 to be array, string given in C:\xampp\htdocs\wordpress.2020.project\wp-content\plugins\event\include\EventCheckboxMetaBox.php on line 43
[12-Apr-2020 15:02:32 UTC] PHP Warning:  in_array() expects parameter 2 to be array, string given in C:\xampp\htdocs\wordpress.2020.project\wp-content\plugins\event\include\EventCheckboxMetaBox.php on line 31
[12-Apr-2020 15:02:33 UTC] PHP Warning:  in_array() expects parameter 2 to be array, string given in C:\xampp\htdocs\wordpress.2020.project\wp-content\plugins\event\include\EventCheckboxMetaBox.php on line 34
[12-Apr-2020 15:02:33 UTC] PHP Warning:  in_array() expects parameter 2 to be array, string given in C:\xampp\htdocs\wordpress.2020.project\wp-content\plugins\event\include\EventCheckboxMetaBox.php on line 37
[12-Apr-2020 15:02:33 UTC] PHP Warning:  in_array() expects parameter 2 to be array, string given in C:\xampp\htdocs\wordpress.2020.project\wp-content\plugins\event\include\EventCheckboxMetaBox.php on line 40
[12-Apr-2020 15:02:33 UTC] PHP Warning:  in_array() expects parameter 2 to be array, string given in C:\xampp\htdocs\wordpress.2020.project\wp-content\plugins\event\include\EventCheckboxMetaBox.php on line 43
[12-Apr-2020 15:02:46 UTC] PHP Warning:  in_array() expects parameter 2 to be array, string given in C:\xampp\htdocs\wordpress.2020.project\wp-content\plugins\event\include\EventCheckboxMetaBox.php on line 31
[12-Apr-2020 15:02:46 UTC] PHP Warning:  in_array() expects parameter 2 to be array, string given in C:\xampp\htdocs\wordpress.2020.project\wp-content\plugins\event\include\EventCheckboxMetaBox.php on line 34
[12-Apr-2020 15:02:46 UTC] PHP Warning:  in_array() expects parameter 2 to be array, string given in C:\xampp\htdocs\wordpress.2020.project\wp-content\plugins\event\include\EventCheckboxMetaBox.php on line 37
[12-Apr-2020 15:02:46 UTC] PHP Warning:  in_array() expects parameter 2 to be array, string given in C:\xampp\htdocs\wordpress.2020.project\wp-content\plugins\event\include\EventCheckboxMetaBox.php on line 40
[12-Apr-2020 15:02:46 UTC] PHP Warning:  in_array() expects parameter 2 to be array, string given in C:\xampp\htdocs\wordpress.2020.project\wp-content\plugins\event\include\EventCheckboxMetaBox.php on line 43
[12-Apr-2020 15:03:57 UTC] PHP Warning:  in_array() expects parameter 2 to be array, string given in C:\xampp\htdocs\wordpress.2020.project\wp-content\plugins\event\include\EventCheckboxMetaBox.php on line 31
[12-Apr-2020 15:03:57 UTC] PHP Warning:  in_array() expects parameter 2 to be array, string given in C:\xampp\htdocs\wordpress.2020.project\wp-content\plugins\event\include\EventCheckboxMetaBox.php on line 34
[12-Apr-2020 15:03:57 UTC] PHP Warning:  in_array() expects parameter 2 to be array, string given in C:\xampp\htdocs\wordpress.2020.project\wp-content\plugins\event\include\EventCheckboxMetaBox.php on line 37
[12-Apr-2020 15:03:57 UTC] PHP Warning:  in_array() expects parameter 2 to be array, string given in C:\xampp\htdocs\wordpress.2020.project\wp-content\plugins\event\include\EventCheckboxMetaBox.php on line 40
[12-Apr-2020 15:03:57 UTC] PHP Warning:  in_array() expects parameter 2 to be array, string given in C:\xampp\htdocs\wordpress.2020.project\wp-content\plugins\event\include\EventCheckboxMetaBox.php on line 43
[12-Apr-2020 15:04:09 UTC] PHP Warning:  in_array() expects parameter 2 to be array, string given in C:\xampp\htdocs\wordpress.2020.project\wp-content\plugins\event\include\EventCheckboxMetaBox.php on line 31
[12-Apr-2020 15:04:09 UTC] PHP Warning:  in_array() expects parameter 2 to be array, string given in C:\xampp\htdocs\wordpress.2020.project\wp-content\plugins\event\include\EventCheckboxMetaBox.php on line 34
[12-Apr-2020 15:04:09 UTC] PHP Warning:  in_array() expects parameter 2 to be array, string given in C:\xampp\htdocs\wordpress.2020.project\wp-content\plugins\event\include\EventCheckboxMetaBox.php on line 37
[12-Apr-2020 15:04:09 UTC] PHP Warning:  in_array() expects parameter 2 to be array, string given in C:\xampp\htdocs\wordpress.2020.project\wp-content\plugins\event\include\EventCheckboxMetaBox.php on line 40
[12-Apr-2020 15:04:09 UTC] PHP Warning:  in_array() expects parameter 2 to be array, string given in C:\xampp\htdocs\wordpress.2020.project\wp-content\plugins\event\include\EventCheckboxMetaBox.php on line 43
[12-Apr-2020 15:05:16 UTC] PHP Warning:  in_array() expects parameter 2 to be array, string given in C:\xampp\htdocs\wordpress.2020.project\wp-content\plugins\event\include\EventCheckboxMetaBox.php on line 31
[12-Apr-2020 15:05:16 UTC] PHP Warning:  in_array() expects parameter 2 to be array, string given in C:\xampp\htdocs\wordpress.2020.project\wp-content\plugins\event\include\EventCheckboxMetaBox.php on line 34
[12-Apr-2020 15:05:16 UTC] PHP Warning:  in_array() expects parameter 2 to be array, string given in C:\xampp\htdocs\wordpress.2020.project\wp-content\plugins\event\include\EventCheckboxMetaBox.php on line 37
[12-Apr-2020 15:05:16 UTC] PHP Warning:  in_array() expects parameter 2 to be array, string given in C:\xampp\htdocs\wordpress.2020.project\wp-content\plugins\event\include\EventCheckboxMetaBox.php on line 40
[12-Apr-2020 15:05:16 UTC] PHP Warning:  in_array() expects parameter 2 to be array, string given in C:\xampp\htdocs\wordpress.2020.project\wp-content\plugins\event\include\EventCheckboxMetaBox.php on line 43
[12-Apr-2020 15:11:51 UTC] PHP Warning:  in_array() expects parameter 2 to be array, string given in C:\xampp\htdocs\wordpress.2020.project\wp-content\plugins\event\include\EventCheckboxMetaBox.php on line 31
[12-Apr-2020 15:11:51 UTC] PHP Warning:  in_array() expects parameter 2 to be array, string given in C:\xampp\htdocs\wordpress.2020.project\wp-content\plugins\event\include\EventCheckboxMetaBox.php on line 34
[12-Apr-2020 15:11:51 UTC] PHP Warning:  in_array() expects parameter 2 to be array, string given in C:\xampp\htdocs\wordpress.2020.project\wp-content\plugins\event\include\EventCheckboxMetaBox.php on line 37
[12-Apr-2020 15:11:51 UTC] PHP Warning:  in_array() expects parameter 2 to be array, string given in C:\xampp\htdocs\wordpress.2020.project\wp-content\plugins\event\include\EventCheckboxMetaBox.php on line 40
[12-Apr-2020 15:11:51 UTC] PHP Warning:  in_array() expects parameter 2 to be array, string given in C:\xampp\htdocs\wordpress.2020.project\wp-content\plugins\event\include\EventCheckboxMetaBox.php on line 43
[12-Apr-2020 15:12:13 UTC] PHP Warning:  in_array() expects parameter 2 to be array, string given in C:\xampp\htdocs\wordpress.2020.project\wp-content\plugins\event\include\EventCheckboxMetaBox.php on line 31
[12-Apr-2020 15:12:14 UTC] PHP Warning:  in_array() expects parameter 2 to be array, string given in C:\xampp\htdocs\wordpress.2020.project\wp-content\plugins\event\include\EventCheckboxMetaBox.php on line 34
[12-Apr-2020 15:12:14 UTC] PHP Warning:  in_array() expects parameter 2 to be array, string given in C:\xampp\htdocs\wordpress.2020.project\wp-content\plugins\event\include\EventCheckboxMetaBox.php on line 37
[12-Apr-2020 15:12:14 UTC] PHP Warning:  in_array() expects parameter 2 to be array, string given in C:\xampp\htdocs\wordpress.2020.project\wp-content\plugins\event\include\EventCheckboxMetaBox.php on line 40
[12-Apr-2020 15:12:14 UTC] PHP Warning:  in_array() expects parameter 2 to be array, string given in C:\xampp\htdocs\wordpress.2020.project\wp-content\plugins\event\include\EventCheckboxMetaBox.php on line 43
[12-Apr-2020 15:13:08 UTC] PHP Warning:  in_array() expects parameter 2 to be array, string given in C:\xampp\htdocs\wordpress.2020.project\wp-content\plugins\event\include\EventCheckboxMetaBox.php on line 31
[12-Apr-2020 15:13:08 UTC] PHP Warning:  in_array() expects parameter 2 to be array, string given in C:\xampp\htdocs\wordpress.2020.project\wp-content\plugins\event\include\EventCheckboxMetaBox.php on line 34
[12-Apr-2020 15:13:08 UTC] PHP Warning:  in_array() expects parameter 2 to be array, string given in C:\xampp\htdocs\wordpress.2020.project\wp-content\plugins\event\include\EventCheckboxMetaBox.php on line 37
[12-Apr-2020 15:13:08 UTC] PHP Warning:  in_array() expects parameter 2 to be array, string given in C:\xampp\htdocs\wordpress.2020.project\wp-content\plugins\event\include\EventCheckboxMetaBox.php on line 40
[12-Apr-2020 15:13:09 UTC] PHP Warning:  in_array() expects parameter 2 to be array, string given in C:\xampp\htdocs\wordpress.2020.project\wp-content\plugins\event\include\EventCheckboxMetaBox.php on line 43
[12-Apr-2020 15:13:30 UTC] PHP Warning:  in_array() expects parameter 2 to be array, string given in C:\xampp\htdocs\wordpress.2020.project\wp-content\plugins\event\include\EventCheckboxMetaBox.php on line 31
[12-Apr-2020 15:13:30 UTC] PHP Warning:  in_array() expects parameter 2 to be array, string given in C:\xampp\htdocs\wordpress.2020.project\wp-content\plugins\event\include\EventCheckboxMetaBox.php on line 34
[12-Apr-2020 15:13:30 UTC] PHP Warning:  in_array() expects parameter 2 to be array, string given in C:\xampp\htdocs\wordpress.2020.project\wp-content\plugins\event\include\EventCheckboxMetaBox.php on line 37
[12-Apr-2020 15:13:31 UTC] PHP Warning:  in_array() expects parameter 2 to be array, string given in C:\xampp\htdocs\wordpress.2020.project\wp-content\plugins\event\include\EventCheckboxMetaBox.php on line 40
[12-Apr-2020 15:13:31 UTC] PHP Warning:  in_array() expects parameter 2 to be array, string given in C:\xampp\htdocs\wordpress.2020.project\wp-content\plugins\event\include\EventCheckboxMetaBox.php on line 43
[12-Apr-2020 17:25:22 UTC] PHP Warning:  in_array() expects parameter 2 to be array, string given in C:\xampp\htdocs\wordpress.2020.project\wp-content\plugins\event\include\EventCheckboxMetaBox.php on line 31
[12-Apr-2020 17:25:22 UTC] PHP Warning:  in_array() expects parameter 2 to be array, string given in C:\xampp\htdocs\wordpress.2020.project\wp-content\plugins\event\include\EventCheckboxMetaBox.php on line 34
[12-Apr-2020 17:25:22 UTC] PHP Warning:  in_array() expects parameter 2 to be array, string given in C:\xampp\htdocs\wordpress.2020.project\wp-content\plugins\event\include\EventCheckboxMetaBox.php on line 37
[12-Apr-2020 17:25:22 UTC] PHP Warning:  in_array() expects parameter 2 to be array, string given in C:\xampp\htdocs\wordpress.2020.project\wp-content\plugins\event\include\EventCheckboxMetaBox.php on line 40
[12-Apr-2020 17:25:22 UTC] PHP Warning:  in_array() expects parameter 2 to be array, string given in C:\xampp\htdocs\wordpress.2020.project\wp-content\plugins\event\include\EventCheckboxMetaBox.php on line 43
[12-Apr-2020 17:27:36 UTC] PHP Warning:  in_array() expects parameter 2 to be array, string given in C:\xampp\htdocs\wordpress.2020.project\wp-content\plugins\event\include\EventCheckboxMetaBox.php on line 31
[12-Apr-2020 17:27:36 UTC] PHP Warning:  in_array() expects parameter 2 to be array, string given in C:\xampp\htdocs\wordpress.2020.project\wp-content\plugins\event\include\EventCheckboxMetaBox.php on line 34
[12-Apr-2020 17:27:36 UTC] PHP Warning:  in_array() expects parameter 2 to be array, string given in C:\xampp\htdocs\wordpress.2020.project\wp-content\plugins\event\include\EventCheckboxMetaBox.php on line 37
[12-Apr-2020 17:27:36 UTC] PHP Warning:  in_array() expects parameter 2 to be array, string given in C:\xampp\htdocs\wordpress.2020.project\wp-content\plugins\event\include\EventCheckboxMetaBox.php on line 40
[12-Apr-2020 17:27:36 UTC] PHP Warning:  in_array() expects parameter 2 to be array, string given in C:\xampp\htdocs\wordpress.2020.project\wp-content\plugins\event\include\EventCheckboxMetaBox.php on line 43
[12-Apr-2020 17:30:03 UTC] PHP Warning:  in_array() expects parameter 2 to be array, string given in C:\xampp\htdocs\wordpress.2020.project\wp-content\plugins\event\include\EventCheckboxMetaBox.php on line 31
[12-Apr-2020 17:30:03 UTC] PHP Warning:  in_array() expects parameter 2 to be array, string given in C:\xampp\htdocs\wordpress.2020.project\wp-content\plugins\event\include\EventCheckboxMetaBox.php on line 34
[12-Apr-2020 17:30:03 UTC] PHP Warning:  in_array() expects parameter 2 to be array, string given in C:\xampp\htdocs\wordpress.2020.project\wp-content\plugins\event\include\EventCheckboxMetaBox.php on line 37
[12-Apr-2020 17:30:03 UTC] PHP Warning:  in_array() expects parameter 2 to be array, string given in C:\xampp\htdocs\wordpress.2020.project\wp-content\plugins\event\include\EventCheckboxMetaBox.php on line 40
[12-Apr-2020 17:30:04 UTC] PHP Warning:  in_array() expects parameter 2 to be array, string given in C:\xampp\htdocs\wordpress.2020.project\wp-content\plugins\event\include\EventCheckboxMetaBox.php on line 43
[12-Apr-2020 17:43:57 UTC] PHP Warning:  in_array() expects parameter 2 to be array, string given in C:\xampp\htdocs\wordpress.2020.project\wp-content\plugins\event\include\EventCheckboxMetaBox.php on line 31
[12-Apr-2020 17:43:57 UTC] PHP Warning:  in_array() expects parameter 2 to be array, string given in C:\xampp\htdocs\wordpress.2020.project\wp-content\plugins\event\include\EventCheckboxMetaBox.php on line 34
[12-Apr-2020 17:43:57 UTC] PHP Warning:  in_array() expects parameter 2 to be array, string given in C:\xampp\htdocs\wordpress.2020.project\wp-content\plugins\event\include\EventCheckboxMetaBox.php on line 37
[12-Apr-2020 17:43:57 UTC] PHP Warning:  in_array() expects parameter 2 to be array, string given in C:\xampp\htdocs\wordpress.2020.project\wp-content\plugins\event\include\EventCheckboxMetaBox.php on line 40
[12-Apr-2020 17:43:57 UTC] PHP Warning:  in_array() expects parameter 2 to be array, string given in C:\xampp\htdocs\wordpress.2020.project\wp-content\plugins\event\include\EventCheckboxMetaBox.php on line 43
[12-Apr-2020 17:45:45 UTC] PHP Warning:  in_array() expects parameter 2 to be array, string given in C:\xampp\htdocs\wordpress.2020.project\wp-content\plugins\event\include\EventCheckboxMetaBox.php on line 31
[12-Apr-2020 17:45:45 UTC] PHP Warning:  in_array() expects parameter 2 to be array, string given in C:\xampp\htdocs\wordpress.2020.project\wp-content\plugins\event\include\EventCheckboxMetaBox.php on line 34
[12-Apr-2020 17:45:45 UTC] PHP Warning:  in_array() expects parameter 2 to be array, string given in C:\xampp\htdocs\wordpress.2020.project\wp-content\plugins\event\include\EventCheckboxMetaBox.php on line 37
[12-Apr-2020 17:45:46 UTC] PHP Warning:  in_array() expects parameter 2 to be array, string given in C:\xampp\htdocs\wordpress.2020.project\wp-content\plugins\event\include\EventCheckboxMetaBox.php on line 40
[12-Apr-2020 17:45:46 UTC] PHP Warning:  in_array() expects parameter 2 to be array, string given in C:\xampp\htdocs\wordpress.2020.project\wp-content\plugins\event\include\EventCheckboxMetaBox.php on line 43
[12-Apr-2020 18:12:49 UTC] PHP Warning:  in_array() expects parameter 2 to be array, string given in C:\xampp\htdocs\wordpress.2020.project\wp-content\plugins\event\include\EventCheckboxMetaBox.php on line 31
[12-Apr-2020 18:12:49 UTC] PHP Warning:  in_array() expects parameter 2 to be array, string given in C:\xampp\htdocs\wordpress.2020.project\wp-content\plugins\event\include\EventCheckboxMetaBox.php on line 34
[12-Apr-2020 18:12:49 UTC] PHP Warning:  in_array() expects parameter 2 to be array, string given in C:\xampp\htdocs\wordpress.2020.project\wp-content\plugins\event\include\EventCheckboxMetaBox.php on line 37
[12-Apr-2020 18:12:49 UTC] PHP Warning:  in_array() expects parameter 2 to be array, string given in C:\xampp\htdocs\wordpress.2020.project\wp-content\plugins\event\include\EventCheckboxMetaBox.php on line 40
[12-Apr-2020 18:12:49 UTC] PHP Warning:  in_array() expects parameter 2 to be array, string given in C:\xampp\htdocs\wordpress.2020.project\wp-content\plugins\event\include\EventCheckboxMetaBox.php on line 43
[12-Apr-2020 18:14:38 UTC] PHP Warning:  in_array() expects parameter 2 to be array, string given in C:\xampp\htdocs\wordpress.2020.project\wp-content\plugins\event\include\EventCheckboxMetaBox.php on line 31
[12-Apr-2020 18:14:38 UTC] PHP Warning:  in_array() expects parameter 2 to be array, string given in C:\xampp\htdocs\wordpress.2020.project\wp-content\plugins\event\include\EventCheckboxMetaBox.php on line 34
[12-Apr-2020 18:14:38 UTC] PHP Warning:  in_array() expects parameter 2 to be array, string given in C:\xampp\htdocs\wordpress.2020.project\wp-content\plugins\event\include\EventCheckboxMetaBox.php on line 37
[12-Apr-2020 18:14:38 UTC] PHP Warning:  in_array() expects parameter 2 to be array, string given in C:\xampp\htdocs\wordpress.2020.project\wp-content\plugins\event\include\EventCheckboxMetaBox.php on line 40
[12-Apr-2020 18:14:38 UTC] PHP Warning:  in_array() expects parameter 2 to be array, string given in C:\xampp\htdocs\wordpress.2020.project\wp-content\plugins\event\include\EventCheckboxMetaBox.php on line 43
[13-Apr-2020 08:44:23 UTC] PHP Fatal error:  Uncaught Error: Call to undefined function the_post_pagination() in C:\xampp\htdocs\wordpress.2020.project\wp-content\themes\example\content.php:42
Stack trace:
#0 C:\xampp\htdocs\wordpress.2020.project\wp-includes\template.php(725): require()
#1 C:\xampp\htdocs\wordpress.2020.project\wp-includes\template.php(672): load_template('C:\\xampp\\htdocs...', false)
#2 C:\xampp\htdocs\wordpress.2020.project\wp-includes\general-template.php(168): locate_template(Array, true, false)
#3 C:\xampp\htdocs\wordpress.2020.project\wp-content\themes\example\archive-events.php(4): get_template_part('content')
#4 C:\xampp\htdocs\wordpress.2020.project\wp-includes\template-loader.php(106): include('C:\\xampp\\htdocs...')
#5 C:\xampp\htdocs\wordpress.2020.project\wp-blog-header.php(19): require_once('C:\\xampp\\htdocs...')
#6 C:\xampp\htdocs\wordpress.2020.project\index.php(17): require('C:\\xampp\\htdocs...')
#7 {main}

Next Exception: Call to undefined function the_post_pagination() in C:\xampp\htdocs\wordpress.2020.project\wp- in C:\xampp\htdocs\wordpress.2020.project\wp-content\plugins\query-monitor\collectors\php_errors.php on line 82
[13-Apr-2020 09:08:43 UTC] PHP Fatal error:  Uncaught ParseError: syntax error, unexpected end of file, expecting elseif (T_ELSEIF) or else (T_ELSE) or endif (T_ENDIF) in C:\xampp\htdocs\wordpress.2020.project\wp-content\themes\example\single-events.php:41
Stack trace:
#0 C:\xampp\htdocs\wordpress.2020.project\wp-blog-header.php(19): require_once()
#1 C:\xampp\htdocs\wordpress.2020.project\index.php(17): require('C:\\xampp\\htdocs...')
#2 {main}

Next Exception: syntax error, unexpected end of file, expecting elseif (T_ELSEIF) or else (T_ELSE) or endif (T_ENDIF) in C:\xampp\htdocs\wordpress.2020.project\wp-content\plugins\query-monitor\collectors\php_errors.php:82
Stack trace:
#0 [internal function]: QM_Collector_PHP_Errors->exception_handler(Object(ParseError))
#1 {main}
  thrown in C:\xampp\htdocs\wordpress.2020.project\wp-content\plugins\query-monitor\collectors\php_errors.php on line 82
[13-Apr-2020 16:39:45 UTC] PHP Warning:  require_once(): http:// wrapper is disabled in the server configuration by allow_url_include=0 in C:\xampp\htdocs\wordpress.2020.project\wp-content\themes\example\functions.php on line 3
[13-Apr-2020 16:39:45 UTC] PHP Warning:  require_once(http://wordpress.2020.project/wp-content/themes/example/bs4navwalker.php): failed to open stream: no suitable wrapper could be found in C:\xampp\htdocs\wordpress.2020.project\wp-content\themes\example\functions.php on line 3
[13-Apr-2020 16:39:45 UTC] PHP Fatal error:  require_once(): Failed opening required 'http://wordpress.2020.project/wp-content/themes/example/bs4navwalker.php' (include_path='C:\xampp\php\PEAR') in C:\xampp\htdocs\wordpress.2020.project\wp-content\themes\example\functions.php on line 3
[13-Apr-2020 16:39:48 UTC] PHP Notice:  Trying to access array offset on value of type bool in C:\xampp\htdocs\wordpress.2020.project\wp-includes\class-wp-recovery-mode-email-service.php on line 339
[13-Apr-2020 16:39:48 UTC] PHP Notice:  Trying to access array offset on value of type bool in C:\xampp\htdocs\wordpress.2020.project\wp-includes\class-wp-recovery-mode-email-service.php on line 340
[13-Apr-2020 16:39:49 UTC] PHP Warning:  require_once(): http:// wrapper is disabled in the server configuration by allow_url_include=0 in C:\xampp\htdocs\wordpress.2020.project\wp-content\themes\example\functions.php on line 3
[13-Apr-2020 16:39:49 UTC] PHP Warning:  require_once(http://wordpress.2020.project/wp-content/themes/example/bs4navwalker.php): failed to open stream: no suitable wrapper could be found in C:\xampp\htdocs\wordpress.2020.project\wp-content\themes\example\functions.php on line 3
[13-Apr-2020 16:39:49 UTC] PHP Fatal error:  require_once(): Failed opening required 'http://wordpress.2020.project/wp-content/themes/example/bs4navwalker.php' (include_path='C:\xampp\php\PEAR') in C:\xampp\htdocs\wordpress.2020.project\wp-content\themes\example\functions.php on line 3
[13-Apr-2020 16:40:53 UTC] PHP Warning:  require(): http:// wrapper is disabled in the server configuration by allow_url_include=0 in C:\xampp\htdocs\wordpress.2020.project\wp-content\themes\example\functions.php on line 3
[13-Apr-2020 16:40:53 UTC] PHP Warning:  require(http://wordpress.2020.project/wp-content/themes/example/bs4navwalker.php): failed to open stream: no suitable wrapper could be found in C:\xampp\htdocs\wordpress.2020.project\wp-content\themes\example\functions.php on line 3
[13-Apr-2020 16:40:53 UTC] PHP Fatal error:  require(): Failed opening required 'http://wordpress.2020.project/wp-content/themes/example/bs4navwalker.php' (include_path='C:\xampp\php\PEAR') in C:\xampp\htdocs\wordpress.2020.project\wp-content\themes\example\functions.php on line 3
[13-Apr-2020 16:41:45 UTC] PHP Warning:  require(): http:// wrapper is disabled in the server configuration by allow_url_include=0 in C:\xampp\htdocs\wordpress.2020.project\wp-content\themes\example\functions.php on line 3
[13-Apr-2020 16:41:45 UTC] PHP Warning:  require(http://wordpress.2020.project/wp-content/themes/example/bs4navwalker.php): failed to open stream: no suitable wrapper could be found in C:\xampp\htdocs\wordpress.2020.project\wp-content\themes\example\functions.php on line 3
[13-Apr-2020 16:41:45 UTC] PHP Fatal error:  require(): Failed opening required 'http://wordpress.2020.project/wp-content/themes/example/bs4navwalker.php' (include_path='C:\xampp\php\PEAR') in C:\xampp\htdocs\wordpress.2020.project\wp-content\themes\example\functions.php on line 3
[14-Apr-2020 10:59:46 UTC] PHP Fatal error:  Uncaught ParseError: syntax error, unexpected end of file, expecting elseif (T_ELSEIF) or else (T_ELSE) or endif (T_ENDIF) in C:\xampp\htdocs\wordpress.2020.project\wp-content\themes\example\header.php:41
Stack trace:
#0 C:\xampp\htdocs\wordpress.2020.project\wp-includes\template.php(672): load_template('C:\\xampp\\htdocs...', true)
#1 C:\xampp\htdocs\wordpress.2020.project\wp-includes\general-template.php(41): locate_template(Array, true)
#2 C:\xampp\htdocs\wordpress.2020.project\wp-content\themes\example\index.php(1): get_header()
#3 C:\xampp\htdocs\wordpress.2020.project\wp-includes\template-loader.php(106): include('C:\\xampp\\htdocs...')
#4 C:\xampp\htdocs\wordpress.2020.project\wp-blog-header.php(19): require_once('C:\\xampp\\htdocs...')
#5 C:\xampp\htdocs\wordpress.2020.project\index.php(17): require('C:\\xampp\\htdocs...')
#6 {main}

Next Exception: syntax error, unexpected end of file, expecting elseif (T_ELSEIF) or else (T_ELSE) or endif (T_ENDIF) in C:\xampp\htdocs\wordpress.2020.project\wp-content in C:\xampp\htdocs\wordpress.2020.project\wp-content\plugins\query-monitor\collectors\php_errors.php on line 82
[14-Apr-2020 11:19:18 UTC] PHP Notice:  Trying to access array offset on value of type int in C:\xampp\htdocs\wordpress.2020.project\wp-admin\includes\class-wp-site-health.php on line 2303
[14-Apr-2020 11:19:18 UTC] PHP Notice:  Trying to access array offset on value of type int in C:\xampp\htdocs\wordpress.2020.project\wp-admin\includes\class-wp-site-health.php on line 2305
[14-Apr-2020 11:19:18 UTC] PHP Notice:  Trying to access array offset on value of type int in C:\xampp\htdocs\wordpress.2020.project\wp-admin\includes\class-wp-site-health.php on line 2303
[14-Apr-2020 11:19:18 UTC] PHP Notice:  Trying to access array offset on value of type int in C:\xampp\htdocs\wordpress.2020.project\wp-admin\includes\class-wp-site-health.php on line 2305
[14-Apr-2020 11:19:18 UTC] PHP Notice:  Trying to access array offset on value of type int in C:\xampp\htdocs\wordpress.2020.project\wp-admin\includes\class-wp-site-health.php on line 2303
[14-Apr-2020 11:19:18 UTC] PHP Notice:  Trying to access array offset on value of type int in C:\xampp\htdocs\wordpress.2020.project\wp-admin\includes\class-wp-site-health.php on line 2305
[14-Apr-2020 15:19:39 UTC] PHP Warning:  An unexpected error occurred. Something may be wrong with WordPress.org or this server&#8217;s configuration. If you continue to have problems, please try the <a href="https://wordpress.org/support/forums/">support forums</a>. (WordPress could not establish a secure connection to WordPress.org. Please contact your server administrator.) in C:\xampp\htdocs\wordpress.2020.project\wp-includes\update.php on line 388
[14-Apr-2020 15:20:08 UTC] PHP Fatal error:  Uncaught Error: Call to undefined function add_acton() in C:\xampp\htdocs\wordpress.2020.project\wp-content\plugins\widgets-example\widgets-example.php:22
Stack trace:
#0 C:\xampp\htdocs\wordpress.2020.project\wp-content\plugins\widgets-example\widgets-example.php(32): WidgetsExample->__construct()
#1 C:\xampp\htdocs\wordpress.2020.project\wp-content\plugins\widgets-example\widgets-example.php(36): WidgetsExample::create()
#2 C:\xampp\htdocs\wordpress.2020.project\wp-admin\includes\plugin.php(659): include_once('C:\\xampp\\htdocs...')
#3 C:\xampp\htdocs\wordpress.2020.project\wp-admin\plugins.php(44): activate_plugin('widgets-example...', 'http://wordpres...', false)
#4 {main}
  thrown in C:\xampp\htdocs\wordpress.2020.project\wp-content\plugins\widgets-example\widgets-example.php on line 22
[14-Apr-2020 15:20:14 UTC] PHP Fatal error:  Uncaught Error: Call to undefined function add_acton() in C:\xampp\htdocs\wordpress.2020.project\wp-content\plugins\widgets-example\widgets-example.php:22
Stack trace:
#0 C:\xampp\htdocs\wordpress.2020.project\wp-content\plugins\widgets-example\widgets-example.php(32): WidgetsExample->__construct()
#1 C:\xampp\htdocs\wordpress.2020.project\wp-content\plugins\widgets-example\widgets-example.php(36): WidgetsExample::create()
#2 C:\xampp\htdocs\wordpress.2020.project\wp-admin\includes\plugin.php(2255): include('C:\\xampp\\htdocs...')
#3 C:\xampp\htdocs\wordpress.2020.project\wp-admin\plugins.php(177): plugin_sandbox_scrape('widgets-example...')
#4 {main}

Next Exception: Call to undefined function add_acton() in C:\xampp\htdocs\wordpress.2020.project\wp-content\plugins\query-monitor\collectors\php_errors.php:82
Stack trace:
#0 [internal function]: QM_Collector_PHP_Errors->exception_handler(Object(Error))
#1 {main}
  thrown in C:\xampp\htdocs\wordpress.2020.project\wp-content\plugins\query-monitor\collectors\php_errors.php on line 82
[14-Apr-2020 15:20:16 UTC] PHP Fatal error:  Uncaught Error: Call to undefined function add_acton() in C:\xampp\htdocs\wordpress.2020.project\wp-content\plugins\widgets-example\widgets-example.php:22
Stack trace:
#0 C:\xampp\htdocs\wordpress.2020.project\wp-content\plugins\widgets-example\widgets-example.php(32): WidgetsExample->__construct()
#1 C:\xampp\htdocs\wordpress.2020.project\wp-content\plugins\widgets-example\widgets-example.php(36): WidgetsExample::create()
#2 C:\xampp\htdocs\wordpress.2020.project\wp-admin\includes\plugin.php(2255): include('C:\\xampp\\htdocs...')
#3 C:\xampp\htdocs\wordpress.2020.project\wp-admin\plugins.php(177): plugin_sandbox_scrape('widgets-example...')
#4 {main}

Next Exception: Call to undefined function add_acton() in C:\xampp\htdocs\wordpress.2020.project\wp-content\plugins\query-monitor\collectors\php_errors.php:82
Stack trace:
#0 [internal function]: QM_Collector_PHP_Errors->exception_handler(Object(Error))
#1 {main}
  thrown in C:\xampp\htdocs\wordpress.2020.project\wp-content\plugins\query-monitor\collectors\php_errors.php on line 82
[14-Apr-2020 15:37:26 UTC] PHP Warning:  call_user_func_array() expects parameter 1 to be a valid callback, function 'MyWidget' not found or invalid function name in C:\xampp\htdocs\wordpress.2020.project\wp-includes\class-wp-hook.php on line 287
[15-Apr-2020 08:48:31 UTC] PHP Fatal error:  Maximum execution time of 120 seconds exceeded in C:\xampp\htdocs\wordpress.2020.project\wp-content\plugins\advanced-custom-fields\includes\validation.php on line 3
[15-Apr-2020 11:58:25 UTC] PHP Fatal error:  Uncaught Error: Call to undefined function the_description() in C:\xampp\htdocs\wordpress.2020.project\wp-content\themes\example\attachment.php:22
Stack trace:
#0 C:\xampp\htdocs\wordpress.2020.project\wp-includes\template-loader.php(106): include()
#1 C:\xampp\htdocs\wordpress.2020.project\wp-blog-header.php(19): require_once('C:\\xampp\\htdocs...')
#2 C:\xampp\htdocs\wordpress.2020.project\index.php(17): require('C:\\xampp\\htdocs...')
#3 {main}

Next Exception: Call to undefined function the_description() in C:\xampp\htdocs\wordpress.2020.project\wp-content\plugins\query-monitor\collectors\php_errors.php:82
Stack trace:
#0 [internal function]: QM_Collector_PHP_Errors->exception_handler(Object(Error))
#1 {main}
  thrown in C:\xampp\htdocs\wordpress.2020.project\wp-content\plugins\query-monitor\collectors\php_errors.php on line 82
[15-Apr-2020 11:58:52 UTC] PHP Warning:  count(): Parameter must be an array or an object that implements Countable in C:\xampp\htdocs\wordpress.2020.project\wp-includes\post-template.php on line 317
[15-Apr-2020 11:58:52 UTC] PHP Notice:  Trying to access array offset on value of type null in C:\xampp\htdocs\wordpress.2020.project\wp-includes\post-template.php on line 323
[16-Apr-2020 12:05:23 UTC] PHP Fatal error:  Uncaught ArgumentCountError: Too few arguments to function WP_Customize_Manager::add_setting(), 0 passed in C:\xampp\htdocs\wordpress.2020.project\wp-content\themes\example\functions.php on line 233 and at least 1 expected in C:\xampp\htdocs\wordpress.2020.project\wp-includes\class-wp-customize-manager.php:3691
Stack trace:
#0 C:\xampp\htdocs\wordpress.2020.project\wp-content\themes\example\functions.php(233): WP_Customize_Manager->add_setting()
#1 C:\xampp\htdocs\wordpress.2020.project\wp-includes\class-wp-hook.php(287): extendCustomizer(Object(WP_Customize_Manager))
#2 C:\xampp\htdocs\wordpress.2020.project\wp-includes\class-wp-hook.php(311): WP_Hook->apply_filters(NULL, Array)
#3 C:\xampp\htdocs\wordpress.2020.project\wp-includes\plugin.php(478): WP_Hook->do_action(Array)
#4 C:\xampp\htdocs\wordpress.2020.project\wp-includes\class-wp-customize-manager.php(928): do_action('customize_regis...', Object(WP_Customize_Manager))
#5 C:\xampp\htdocs\wordpress.2020.project\wp-includes\class-wp-hook.php(287): WP_Cust in C:\xampp\htdocs\wordpress.2020.project\wp-content\plugins\query-monitor\collectors\php_errors.php on line 82
[16-Apr-2020 14:31:23 UTC] PHP Fatal error:  Uncaught ArgumentCountError: Too few arguments to function add_action(), 0 passed in C:\xampp\htdocs\wordpress.2020.project\wp-content\themes\example\functions.php on line 20 and at least 2 expected in C:\xampp\htdocs\wordpress.2020.project\wp-includes\plugin.php:403
Stack trace:
#0 C:\xampp\htdocs\wordpress.2020.project\wp-content\themes\example\functions.php(20): add_action()
#1 C:\xampp\htdocs\wordpress.2020.project\wp-settings.php(514): include('C:\\xampp\\htdocs...')
#2 C:\xampp\htdocs\wordpress.2020.project\wp-config.php(92): require_once('C:\\xampp\\htdocs...')
#3 C:\xampp\htdocs\wordpress.2020.project\wp-load.php(37): require_once('C:\\xampp\\htdocs...')
#4 C:\xampp\htdocs\wordpress.2020.project\wp-admin\admin-ajax.php(22): require_once('C:\\xampp\\htdocs...')
#5 {main}

Next Exception: Too few arguments to function add_action(), 0 passed in C:\xampp\htdocs\wordpress.2020.project\wp-content\themes\example\functions.php on line 20 and at least 2 expected in C:\xampp\htdocs\wordpress.2020.project\wp-con in C:\xampp\htdocs\wordpress.2020.project\wp-content\plugins\query-monitor\collectors\php_errors.php on line 82
[16-Apr-2020 14:32:27 UTC] PHP Fatal error:  Uncaught ArgumentCountError: Too few arguments to function add_action(), 0 passed in C:\xampp\htdocs\wordpress.2020.project\wp-content\themes\example\functions.php on line 20 and at least 2 expected in C:\xampp\htdocs\wordpress.2020.project\wp-includes\plugin.php:403
Stack trace:
#0 C:\xampp\htdocs\wordpress.2020.project\wp-content\themes\example\functions.php(20): add_action()
#1 C:\xampp\htdocs\wordpress.2020.project\wp-settings.php(514): include('C:\\xampp\\htdocs...')
#2 C:\xampp\htdocs\wordpress.2020.project\wp-config.php(92): require_once('C:\\xampp\\htdocs...')
#3 C:\xampp\htdocs\wordpress.2020.project\wp-load.php(37): require_once('C:\\xampp\\htdocs...')
#4 C:\xampp\htdocs\wordpress.2020.project\wp-admin\admin-ajax.php(22): require_once('C:\\xampp\\htdocs...')
#5 {main}

Next Exception: Too few arguments to function add_action(), 0 passed in C:\xampp\htdocs\wordpress.2020.project\wp-content\themes\example\functions.php on line 20 and at least 2 expected in C:\xampp\htdocs\wordpress.2020.project\wp-con in C:\xampp\htdocs\wordpress.2020.project\wp-content\plugins\query-monitor\collectors\php_errors.php on line 82
